Log file open, 10/30/20 19:18:42
LogInit: Display: Running engine for game: gamedev_project
LogPlatformFile: Not using cached read wrapper
LogTaskGraph: Started task graph with 5 named threads and 20 total threads with 3 sets of task threads.
LogStats: Stats thread started at 0.478557
LogD3D11RHI: Loaded GFSDK_Aftermath_Lib.x64.dll
LogICUInternationalization: ICU TimeZone Detection - Raw Offset: +3:00, Platform Override: ''
LogPluginManager: Mounting plugin Paper2D
LogPluginManager: Mounting plugin AISupport
LogPluginManager: Mounting plugin LightPropagationVolume
LogPluginManager: Mounting plugin CameraShakePreviewer
LogPluginManager: Mounting plugin ActorLayerUtilities
LogPluginManager: Mounting plugin AnimationSharing
LogPluginManager: Mounting plugin CLionSourceCodeAccess
LogPluginManager: Mounting plugin CodeLiteSourceCodeAccess
LogPluginManager: Mounting plugin GitSourceControl
LogPluginManager: Mounting plugin KDevelopSourceCodeAccess
LogPluginManager: Mounting plugin NullSourceCodeAccess
LogPluginManager: Mounting plugin PerforceSourceControl
LogPluginManager: Mounting plugin PlasticSourceControl
LogPluginManager: Mounting plugin RiderSourceCodeAccess
LogPluginManager: Mounting plugin SubversionSourceControl
LogPluginManager: Mounting plugin UObjectPlugin
LogPluginManager: Mounting plugin VisualStudioCodeSourceCodeAccess
LogPluginManager: Mounting plugin VisualStudioSourceCodeAccess
LogPluginManager: Mounting plugin XCodeSourceCodeAccess
LogPluginManager: Mounting plugin AssetManagerEditor
LogPluginManager: Mounting plugin CryptoKeys
LogPluginManager: Mounting plugin CurveEditorTools
LogPluginManager: Mounting plugin DataValidation
LogPluginManager: Mounting plugin EditorScriptingUtilities
LogPluginManager: Mounting plugin FacialAnimation
LogPluginManager: Mounting plugin GameplayTagsEditor
LogPluginManager: Mounting plugin GeometryMode
LogPluginManager: Mounting plugin MacGraphicsSwitching
LogPluginManager: Mounting plugin MaterialAnalyzer
LogPluginManager: Mounting plugin MobileLauncherProfileWizard
LogPluginManager: Mounting plugin PluginBrowser
LogPluginManager: Mounting plugin SpeedTreeImporter
LogPluginManager: Mounting plugin DatasmithContent
LogPluginManager: Mounting plugin VariantManagerContent
LogPluginManager: Mounting plugin AlembicImporter
LogPluginManager: Mounting plugin AutomationUtils
LogPluginManager: Mounting plugin BackChannel
LogPluginManager: Mounting plugin ChaosCloth
LogPluginManager: Mounting plugin ChaosClothEditor
LogPluginManager: Mounting plugin ChaosEditor
LogPluginManager: Mounting plugin ChaosNiagara
LogPluginManager: Mounting plugin ChaosSolverPlugin
LogPluginManager: Mounting plugin CharacterAI
LogPluginManager: Mounting plugin GeometryCache
LogPluginManager: Mounting plugin GeometryCollectionPlugin
LogPluginManager: Mounting plugin GeometryProcessing
LogPluginManager: Mounting plugin PlanarCut
LogPluginManager: Mounting plugin PlatformCrypto
LogPluginManager: Mounting plugin ProxyLODPlugin
LogPluginManager: Mounting plugin SkeletalReduction
LogPluginManager: Mounting plugin Niagara
LogPluginManager: Mounting plugin MagicLeap
LogPluginManager: Mounting plugin MagicLeapLightEstimation
LogPluginManager: Mounting plugin MagicLeapMedia
LogPluginManager: Mounting plugin MagicLeapPassableWorld
LogPluginManager: Mounting plugin MLSDK
LogPluginManager: Mounting plugin AndroidMedia
LogPluginManager: Mounting plugin AvfMedia
LogPluginManager: Mounting plugin ImgMedia
LogPluginManager: Mounting plugin MediaCompositing
LogPluginManager: Mounting plugin MediaPlayerEditor
LogPluginManager: Mounting plugin WebMMedia
LogPluginManager: Mounting plugin WmfMedia
LogPluginManager: Mounting plugin MeshPainting
LogPluginManager: Mounting plugin TcpMessaging
LogPluginManager: Mounting plugin UdpMessaging
LogPluginManager: Mounting plugin ActorSequence
LogPluginManager: Mounting plugin LevelSequenceEditor
LogPluginManager: Mounting plugin MatineeToLevelSequence
LogPluginManager: Mounting plugin MovieRenderPipeline
LogPluginManager: Mounting plugin TemplateSequence
LogPluginManager: Mounting plugin NetcodeUnitTest
LogPluginManager: Mounting plugin NUTUnrealEngine4
LogPluginManager: Mounting plugin OnlineSubsystemGooglePlay
LogPluginManager: Mounting plugin OnlineSubsystemIOS
LogPluginManager: Mounting plugin OnlineSubsystem
LogPluginManager: Mounting plugin OnlineSubsystemNull
LogPluginManager: Mounting plugin OnlineSubsystemUtils
LogPluginManager: Mounting plugin LauncherChunkInstaller
LogPluginManager: Mounting plugin AndroidDeviceProfileSelector
LogPluginManager: Mounting plugin AndroidMoviePlayer
LogPluginManager: Mounting plugin AndroidPermission
LogPluginManager: Mounting plugin AppleImageUtils
LogPluginManager: Mounting plugin AppleMoviePlayer
LogPluginManager: Mounting plugin ArchVisCharacter
LogPluginManager: Mounting plugin AssetTags
LogPluginManager: Mounting plugin AudioCapture
LogPluginManager: Mounting plugin CableComponent
LogPluginManager: Mounting plugin CustomMeshComponent
LogPluginManager: Mounting plugin EditableMesh
LogPluginManager: Mounting plugin ExampleDeviceProfileSelector
LogPluginManager: Mounting plugin GoogleCloudMessaging
LogPluginManager: Mounting plugin GooglePAD
LogPluginManager: Mounting plugin IOSDeviceProfileSelector
LogPluginManager: Mounting plugin LinuxDeviceProfileSelector
LogPluginManager: Mounting plugin LocationServicesBPLibrary
LogPluginManager: Mounting plugin MobilePatchingUtils
LogPluginManager: Mounting plugin OculusVR
LogPluginManager: Mounting plugin PhysXVehicles
LogPluginManager: Mounting plugin PostSplashScreen
LogPluginManager: Mounting plugin ProceduralMeshComponent
LogPluginManager: Mounting plugin RuntimePhysXCooking
LogPluginManager: Mounting plugin SignificanceManager
LogPluginManager: Mounting plugin SoundFields
LogPluginManager: Mounting plugin SteamVR
LogPluginManager: Mounting plugin Synthesis
LogPluginManager: Mounting plugin WebMMoviePlayer
LogPluginManager: Mounting plugin WindowsMoviePlayer
LogPluginManager: Mounting plugin ScreenshotTools
LogInit: Using libcurl 7.55.1-DEV
LogInit:  - built for x86_64-pc-win32
LogInit:  - supports SSL with OpenSSL/1.1.1
LogInit:  - supports HTTP deflate (compression) using libz 1.2.8
LogInit:  - other features:
LogInit:      CURL_VERSION_SSL
LogInit:      CURL_VERSION_LIBZ
LogInit:      CURL_VERSION_IPV6
LogInit:      CURL_VERSION_ASYNCHDNS
LogInit:      CURL_VERSION_LARGEFILE
LogInit:      CURL_VERSION_IDN
LogInit:  CurlRequestOptions (configurable via config and command line):
LogInit:  - bVerifyPeer = true  - Libcurl will verify peer certificate
LogInit:  - bUseHttpProxy = false  - Libcurl will NOT use HTTP proxy
LogInit:  - bDontReuseConnections = false  - Libcurl will reuse connections
LogInit:  - MaxHostConnections = 16  - Libcurl will limit the number of connections to a host
LogInit:  - LocalHostAddr = Default
LogInit:  - BufferSize = 65536
LogOnline: OSS: Creating online subsystem instance for: NULL
LogInit: WinSock: version 1.1 (2.2), MaxSocks=32767, MaxUdp=65467
LogOnline: OSS: TryLoadSubsystemAndSetDefault: Loaded subsystem for module [NULL]
LogInit: Build: ++UE4+Release-4.25-CL-13942748
LogInit: Engine Version: 4.25.3-13942748+++UE4+Release-4.25
LogInit: Compatible Engine Version: 4.25.0-13144385+++UE4+Release-4.25
LogInit: Net CL: 13144385
LogInit: OS: Windows 10 (Release 1909) (), CPU: Intel(R) Core(TM) i5-8400 CPU @ 2.80GHz, GPU: NVIDIA GeForce GTX 1660 Ti
LogInit: Compiled (64-bit): Jul 25 2020 02:07:48
LogInit: Compiled with Visual C++: 19.24.28315.00
LogInit: Build Configuration: Development
LogInit: Branch Name: ++UE4+Release-4.25
LogInit: Command Line: 
LogInit: Base Directory: D:/EpicGamesStore/UE_4.25/Engine/Binaries/Win64/
LogInit: Allocator: TBB
LogInit: Installed Engine Build: 1
LogDevObjectVersion: Number of dev versions registered: 26
LogDevObjectVersion:   Dev-Blueprints (B0D832E4-1F89-4F0D-ACCF-7EB736FD4AA2): 10
LogDevObjectVersion:   Dev-Build (E1C64328-A22C-4D53-A36C-8E866417BD8C): 0
LogDevObjectVersion:   Dev-Core (375EC13C-06E4-48FB-B500-84F0262A717E): 4
LogDevObjectVersion:   Dev-Editor (E4B068ED-F494-42E9-A231-DA0B2E46BB41): 38
LogDevObjectVersion:   Dev-Framework (CFFC743F-43B0-4480-9391-14DF171D2073): 37
LogDevObjectVersion:   Dev-Mobile (B02B49B5-BB20-44E9-A304-32B752E40360): 2
LogDevObjectVersion:   Dev-Networking (A4E4105C-59A1-49B5-A7C5-40C4547EDFEE): 0
LogDevObjectVersion:   Dev-Online (39C831C9-5AE6-47DC-9A44-9C173E1C8E7C): 0
LogDevObjectVersion:   Dev-Physics (78F01B33-EBEA-4F98-B9B4-84EACCB95AA2): 4
LogDevObjectVersion:   Dev-Platform (6631380F-2D4D-43E0-8009-CF276956A95A): 0
LogDevObjectVersion:   Dev-Rendering (12F88B9F-8875-4AFC-A67C-D90C383ABD29): 43
LogDevObjectVersion:   Dev-Sequencer (7B5AE74C-D270-4C10-A958-57980B212A5A): 12
LogDevObjectVersion:   Dev-VR (D7296918-1DD6-4BDD-9DE2-64A83CC13884): 3
LogDevObjectVersion:   Dev-LoadTimes (C2A15278-BFE7-4AFE-6C17-90FF531DF755): 1
LogDevObjectVersion:   Private-Geometry (6EACA3D4-40EC-4CC1-B786-8BED09428FC5): 3
LogDevObjectVersion:   Dev-AnimPhys (29E575DD-E0A3-4627-9D10-D276232CDCEA): 17
LogDevObjectVersion:   Dev-Anim (AF43A65D-7FD3-4947-9873-3E8ED9C1BB05): 7
LogDevObjectVersion:   Dev-ReflectionCapture (6B266CEC-1EC7-4B8F-A30B-E4D90942FC07): 1
LogDevObjectVersion:   Dev-Automation (0DF73D61-A23F-47EA-B727-89E90C41499A): 1
LogDevObjectVersion:   FortniteMain (601D1886-AC64-4F84-AA16-D3DE0DEAC7D6): 31
LogDevObjectVersion:   Dev-Enterprise (9DFFBCD6-494F-0158-E221-12823C92A888): 10
LogDevObjectVersion:   Dev-Niagara (F2AED0AC-9AFE-416F-8664-AA7FFA26D6FC): 1
LogDevObjectVersion:   Dev-Destruction (174F1F0B-B4C6-45A5-B13F-2EE8D0FB917D): 10
LogDevObjectVersion:   Dev-Physics-Ext (35F94A83-E258-406C-A318-09F59610247C): 37
LogDevObjectVersion:   Dev-PhysicsMaterial-Chaos (B68FC16E-8B1B-42E2-B453-215C058844FE): 1
LogDevObjectVersion:   Dev-CineCamera (B2E18506-4273-CFC2-A54E-F4BB758BBA07): 1
LogInit: Presizing for max 25165824 objects, including 0 objects not considered by GC, pre-allocating 0 bytes for permanent pool.
LogConfig: Applying CVar settings from Section [/Script/Engine.StreamingSettings] File [D:/Games/GitHub/gamedev_project/Saved/Config/Windows/Engine.ini]
LogConfig: Setting CVar [[s.MinBulkDataSizeForAsyncLoading:131072]]
LogConfig: Setting CVar [[s.AsyncLoadingThreadEnabled:0]]
LogConfig: Setting CVar [[s.EventDrivenLoaderEnabled:1]]
LogConfig: Setting CVar [[s.WarnIfTimeLimitExceeded:0]]
LogConfig: Setting CVar [[s.TimeLimitExceededMultiplier:1.5]]
LogConfig: Setting CVar [[s.TimeLimitExceededMinTime:0.005]]
LogConfig: Setting CVar [[s.UseBackgroundLevelStreaming:1]]
LogConfig: Setting CVar [[s.PriorityAsyncLoadingExtraTime:15.0]]
LogConfig: Setting CVar [[s.LevelStreamingActorsUpdateTimeLimit:5.0]]
LogConfig: Setting CVar [[s.PriorityLevelStreamingActorsUpdateExtraTime:5.0]]
LogConfig: Setting CVar [[s.LevelStreamingComponentsRegistrationGranularity:10]]
LogConfig: Setting CVar [[s.UnregisterComponentsTimeLimit:1.0]]
LogConfig: Setting CVar [[s.LevelStreamingComponentsUnregistrationGranularity:5]]
LogConfig: Setting CVar [[s.FlushStreamingOnExit:1]]
LogInit: Object subsystem initialized
LogConfig: Setting CVar [[con.DebugEarlyDefault:1]]
LogConfig: Setting CVar [[r.setres:1280x720]]
[2020.10.30-16.18.42:373][  0]LogConfig: Setting CVar [[r.VSync:0]]
[2020.10.30-16.18.42:373][  0]LogConfig: Setting CVar [[r.RHICmdBypass:0]]
[2020.10.30-16.18.42:373][  0]LogConfig: Applying CVar settings from Section [/Script/Engine.RendererSettings] File [D:/Games/GitHub/gamedev_project/Saved/Config/Windows/Engine.ini]
[2020.10.30-16.18.42:373][  0]LogConfig: Setting CVar [[r.GPUCrashDebugging:0]]
[2020.10.30-16.18.42:373][  0]LogConfig: Setting CVar [[r.MobileHDR:0]]
[2020.10.30-16.18.42:373][  0]LogConfig: Setting CVar [[r.CustomDepth:3]]
[2020.10.30-16.18.42:373][  0]LogConfig: Setting CVar [[r.MinScreenRadiusForLights:0.000000]]
[2020.10.30-16.18.42:373][  0]LogConfig: Setting CVar [[r.ForwardShading:1]]
[2020.10.30-16.18.42:374][  0]LogConfig: Applying CVar settings from Section [/Script/Engine.RendererOverrideSettings] File [D:/Games/GitHub/gamedev_project/Saved/Config/Windows/Engine.ini]
[2020.10.30-16.18.42:374][  0]LogConfig: Applying CVar settings from Section [/Script/Engine.StreamingSettings] File [D:/Games/GitHub/gamedev_project/Saved/Config/Windows/Engine.ini]
[2020.10.30-16.18.42:374][  0]LogConfig: Setting CVar [[s.MinBulkDataSizeForAsyncLoading:131072]]
[2020.10.30-16.18.42:374][  0]LogConfig: Setting CVar [[s.AsyncLoadingThreadEnabled:0]]
[2020.10.30-16.18.42:374][  0]LogConfig: Setting CVar [[s.EventDrivenLoaderEnabled:1]]
[2020.10.30-16.18.42:374][  0]LogConfig: Setting CVar [[s.WarnIfTimeLimitExceeded:0]]
[2020.10.30-16.18.42:374][  0]LogConfig: Setting CVar [[s.TimeLimitExceededMultiplier:1.5]]
[2020.10.30-16.18.42:374][  0]LogConfig: Setting CVar [[s.TimeLimitExceededMinTime:0.005]]
[2020.10.30-16.18.42:374][  0]LogConfig: Setting CVar [[s.UseBackgroundLevelStreaming:1]]
[2020.10.30-16.18.42:374][  0]LogConfig: Setting CVar [[s.PriorityAsyncLoadingExtraTime:15.0]]
[2020.10.30-16.18.42:374][  0]LogConfig: Setting CVar [[s.LevelStreamingActorsUpdateTimeLimit:5.0]]
[2020.10.30-16.18.42:374][  0]LogConfig: Setting CVar [[s.PriorityLevelStreamingActorsUpdateExtraTime:5.0]]
[2020.10.30-16.18.42:374][  0]LogConfig: Setting CVar [[s.LevelStreamingComponentsRegistrationGranularity:10]]
[2020.10.30-16.18.42:374][  0]LogConfig: Setting CVar [[s.UnregisterComponentsTimeLimit:1.0]]
[2020.10.30-16.18.42:374][  0]LogConfig: Setting CVar [[s.LevelStreamingComponentsUnregistrationGranularity:5]]
[2020.10.30-16.18.42:374][  0]LogConfig: Setting CVar [[s.FlushStreamingOnExit:1]]
[2020.10.30-16.18.42:374][  0]LogConfig: Applying CVar settings from Section [/Script/Engine.GarbageCollectionSettings] File [D:/Games/GitHub/gamedev_project/Saved/Config/Windows/Engine.ini]
[2020.10.30-16.18.42:374][  0]LogConfig: Setting CVar [[gc.MaxObjectsNotConsideredByGC:1]]
[2020.10.30-16.18.42:374][  0]LogConfig: Setting CVar [[gc.SizeOfPermanentObjectPool:0]]
[2020.10.30-16.18.42:374][  0]LogConfig: Setting CVar [[gc.FlushStreamingOnGC:0]]
[2020.10.30-16.18.42:374][  0]LogConfig: Setting CVar [[gc.NumRetriesBeforeForcingGC:10]]
[2020.10.30-16.18.42:374][  0]LogConfig: Setting CVar [[gc.AllowParallelGC:1]]
[2020.10.30-16.18.42:374][  0]LogConfig: Setting CVar [[gc.TimeBetweenPurgingPendingKillObjects:61.1]]
[2020.10.30-16.18.42:374][  0]LogConfig: Setting CVar [[gc.MaxObjectsInEditor:25165824]]
[2020.10.30-16.18.42:374][  0]LogConfig: Setting CVar [[gc.IncrementalBeginDestroyEnabled:1]]
[2020.10.30-16.18.42:374][  0]LogConfig: Setting CVar [[gc.CreateGCClusters:1]]
[2020.10.30-16.18.42:374][  0]LogConfig: Setting CVar [[gc.MinGCClusterSize:5]]
[2020.10.30-16.18.42:374][  0]LogConfig: Setting CVar [[gc.ActorClusteringEnabled:0]]
[2020.10.30-16.18.42:374][  0]LogConfig: Setting CVar [[gc.BlueprintClusteringEnabled:0]]
[2020.10.30-16.18.42:374][  0]LogConfig: Setting CVar [[gc.UseDisregardForGCOnDedicatedServers:0]]
[2020.10.30-16.18.42:374][  0]LogConfig: Applying CVar settings from Section [/Script/Engine.NetworkSettings] File [D:/Games/GitHub/gamedev_project/Saved/Config/Windows/Engine.ini]
[2020.10.30-16.18.42:374][  0]LogConfig: Applying CVar settings from Section [/Script/UnrealEd.CookerSettings] File [D:/Games/GitHub/gamedev_project/Saved/Config/Windows/Engine.ini]
[2020.10.30-16.18.42:377][  0]LogConfig: Applying CVar settings from Section [ViewDistanceQuality@3] File [D:/Games/GitHub/gamedev_project/Saved/Config/Windows/Scalability.ini]
[2020.10.30-16.18.42:377][  0]LogConfig: Setting CVar [[r.SkeletalMeshLODBias:0]]
[2020.10.30-16.18.42:377][  0]LogConfig: Setting CVar [[r.ViewDistanceScale:1.0]]
[2020.10.30-16.18.42:377][  0]LogConfig: Applying CVar settings from Section [AntiAliasingQuality@3] File [D:/Games/GitHub/gamedev_project/Saved/Config/Windows/Scalability.ini]
[2020.10.30-16.18.42:377][  0]LogConfig: Setting CVar [[r.PostProcessAAQuality:4]]
[2020.10.30-16.18.42:377][  0]LogConfig: Applying CVar settings from Section [ShadowQuality@3] File [D:/Games/GitHub/gamedev_project/Saved/Config/Windows/Scalability.ini]
[2020.10.30-16.18.42:377][  0]LogConfig: Setting CVar [[r.LightFunctionQuality:1]]
[2020.10.30-16.18.42:377][  0]LogConfig: Setting CVar [[r.ShadowQuality:5]]
[2020.10.30-16.18.42:377][  0]LogConfig: Setting CVar [[r.Shadow.CSM.MaxCascades:10]]
[2020.10.30-16.18.42:377][  0]LogConfig: Setting CVar [[r.Shadow.MaxResolution:2048]]
[2020.10.30-16.18.42:377][  0]LogConfig: Setting CVar [[r.Shadow.MaxCSMResolution:2048]]
[2020.10.30-16.18.42:377][  0]LogConfig: Setting CVar [[r.Shadow.RadiusThreshold:0.01]]
[2020.10.30-16.18.42:377][  0]LogConfig: Setting CVar [[r.Shadow.DistanceScale:1.0]]
[2020.10.30-16.18.42:377][  0]LogConfig: Setting CVar [[r.Shadow.CSM.TransitionScale:1.0]]
[2020.10.30-16.18.42:377][  0]LogConfig: Setting CVar [[r.Shadow.PreShadowResolutionFactor:1.0]]
[2020.10.30-16.18.42:377][  0]LogConfig: Setting CVar [[r.DistanceFieldShadowing:1]]
[2020.10.30-16.18.42:377][  0]LogConfig: Setting CVar [[r.DistanceFieldAO:1]]
[2020.10.30-16.18.42:377][  0]LogConfig: Setting CVar [[r.AOQuality:2]]
[2020.10.30-16.18.42:377][  0]LogConfig: Setting CVar [[r.VolumetricFog:1]]
[2020.10.30-16.18.42:377][  0]LogConfig: Setting CVar [[r.VolumetricFog.GridPixelSize:8]]
[2020.10.30-16.18.42:377][  0]LogConfig: Setting CVar [[r.VolumetricFog.GridSizeZ:128]]
[2020.10.30-16.18.42:377][  0]LogConfig: Setting CVar [[r.VolumetricFog.HistoryMissSupersampleCount:4]]
[2020.10.30-16.18.42:377][  0]LogConfig: Setting CVar [[r.LightMaxDrawDistanceScale:1]]
[2020.10.30-16.18.42:377][  0]LogConfig: Setting CVar [[r.CapsuleShadows:1]]
[2020.10.30-16.18.42:377][  0]LogConfig: Applying CVar settings from Section [PostProcessQuality@3] File [D:/Games/GitHub/gamedev_project/Saved/Config/Windows/Scalability.ini]
[2020.10.30-16.18.42:377][  0]LogConfig: Setting CVar [[r.MotionBlurQuality:4]]
[2020.10.30-16.18.42:377][  0]LogConfig: Setting CVar [[r.AmbientOcclusionMipLevelFactor:0.4]]
[2020.10.30-16.18.42:377][  0]LogConfig: Setting CVar [[r.AmbientOcclusionMaxQuality:100]]
[2020.10.30-16.18.42:377][  0]LogConfig: Setting CVar [[r.AmbientOcclusionLevels:-1]]
[2020.10.30-16.18.42:377][  0]LogConfig: Setting CVar [[r.AmbientOcclusionRadiusScale:1.0]]
[2020.10.30-16.18.42:377][  0]LogConfig: Setting CVar [[r.DepthOfFieldQuality:2]]
[2020.10.30-16.18.42:377][  0]LogConfig: Setting CVar [[r.RenderTargetPoolMin:400]]
[2020.10.30-16.18.42:377][  0]LogConfig: Setting CVar [[r.LensFlareQuality:2]]
[2020.10.30-16.18.42:377][  0]LogConfig: Setting CVar [[r.SceneColorFringeQuality:1]]
[2020.10.30-16.18.42:377][  0]LogConfig: Setting CVar [[r.EyeAdaptationQuality:2]]
[2020.10.30-16.18.42:377][  0]LogConfig: Setting CVar [[r.BloomQuality:5]]
[2020.10.30-16.18.42:377][  0]LogConfig: Setting CVar [[r.FastBlurThreshold:100]]
[2020.10.30-16.18.42:377][  0]LogConfig: Setting CVar [[r.Upscale.Quality:3]]
[2020.10.30-16.18.42:377][  0]LogConfig: Setting CVar [[r.Tonemapper.GrainQuantization:1]]
[2020.10.30-16.18.42:377][  0]LogConfig: Setting CVar [[r.LightShaftQuality:1]]
[2020.10.30-16.18.42:377][  0]LogConfig: Setting CVar [[r.Filter.SizeScale:1]]
[2020.10.30-16.18.42:377][  0]LogConfig: Setting CVar [[r.Tonemapper.Quality:5]]
[2020.10.30-16.18.42:377][  0]LogConfig: Setting CVar [[r.DOF.Gather.AccumulatorQuality:1        ; higher gathering accumulator quality]]
[2020.10.30-16.18.42:377][  0]LogConfig: Setting CVar [[r.DOF.Gather.PostfilterMethod:1          ; Median3x3 postfilering method]]
[2020.10.30-16.18.42:377][  0]LogConfig: Setting CVar [[r.DOF.Gather.EnableBokehSettings:0       ; no bokeh simulation when gathering]]
[2020.10.30-16.18.42:377][  0]LogConfig: Setting CVar [[r.DOF.Gather.RingCount:4                 ; medium number of samples when gathering]]
[2020.10.30-16.18.42:377][  0]LogConfig: Setting CVar [[r.DOF.Scatter.ForegroundCompositing:1    ; additive foreground scattering]]
[2020.10.30-16.18.42:377][  0]LogConfig: Setting CVar [[r.DOF.Scatter.BackgroundCompositing:2    ; additive background scattering]]
[2020.10.30-16.18.42:377][  0]LogConfig: Setting CVar [[r.DOF.Scatter.EnableBokehSettings:1      ; bokeh simulation when scattering]]
[2020.10.30-16.18.42:377][  0]LogConfig: Setting CVar [[r.DOF.Scatter.MaxSpriteRatio:0.1         ; only a maximum of 10% of scattered bokeh]]
[2020.10.30-16.18.42:377][  0]LogConfig: Setting CVar [[r.DOF.Recombine.Quality:1                ; cheap slight out of focus]]
[2020.10.30-16.18.42:377][  0]LogConfig: Setting CVar [[r.DOF.Recombine.EnableBokehSettings:0    ; no bokeh simulation on slight out of focus]]
[2020.10.30-16.18.42:377][  0]LogConfig: Setting CVar [[r.DOF.TemporalAAQuality:1                ; more stable temporal accumulation]]
[2020.10.30-16.18.42:377][  0]LogConfig: Setting CVar [[r.DOF.Kernel.MaxForegroundRadius:0.025]]
[2020.10.30-16.18.42:377][  0]LogConfig: Setting CVar [[r.DOF.Kernel.MaxBackgroundRadius:0.025]]
[2020.10.30-16.18.42:377][  0]LogConfig: Applying CVar settings from Section [TextureQuality@3] File [D:/Games/GitHub/gamedev_project/Saved/Config/Windows/Scalability.ini]
[2020.10.30-16.18.42:377][  0]LogConfig: Setting CVar [[r.Streaming.MipBias:0]]
[2020.10.30-16.18.42:377][  0]LogConfig: Setting CVar [[r.Streaming.AmortizeCPUToGPUCopy:0]]
[2020.10.30-16.18.42:377][  0]LogConfig: Setting CVar [[r.Streaming.MaxNumTexturesToStreamPerFrame:0]]
[2020.10.30-16.18.42:377][  0]LogConfig: Setting CVar [[r.Streaming.Boost:1]]
[2020.10.30-16.18.42:377][  0]LogConfig: Setting CVar [[r.MaxAnisotropy:8]]
[2020.10.30-16.18.42:377][  0]LogConfig: Setting CVar [[r.VT.MaxAnisotropy:8]]
[2020.10.30-16.18.42:377][  0]LogConfig: Setting CVar [[r.Streaming.LimitPoolSizeToVRAM:0]]
[2020.10.30-16.18.42:377][  0]LogConfig: Setting CVar [[r.Streaming.PoolSize:1000]]
[2020.10.30-16.18.42:377][  0]LogConfig: Setting CVar [[r.Streaming.MaxEffectiveScreenSize:0]]
[2020.10.30-16.18.42:377][  0]LogConfig: Applying CVar settings from Section [EffectsQuality@3] File [D:/Games/GitHub/gamedev_project/Saved/Config/Windows/Scalability.ini]
[2020.10.30-16.18.42:377][  0]LogConfig: Setting CVar [[r.TranslucencyLightingVolumeDim:64]]
[2020.10.30-16.18.42:377][  0]LogConfig: Setting CVar [[r.RefractionQuality:2]]
[2020.10.30-16.18.42:377][  0]LogConfig: Setting CVar [[r.SSR.Quality:3]]
[2020.10.30-16.18.42:377][  0]LogConfig: Setting CVar [[r.SSR.HalfResSceneColor:0]]
[2020.10.30-16.18.42:378][  0]LogConfig: Setting CVar [[r.SceneColorFormat:4]]
[2020.10.30-16.18.42:378][  0]LogConfig: Setting CVar [[r.DetailMode:2]]
[2020.10.30-16.18.42:378][  0]LogConfig: Setting CVar [[r.TranslucencyVolumeBlur:1]]
[2020.10.30-16.18.42:378][  0]LogConfig: Setting CVar [[r.MaterialQualityLevel:1 ; High quality]]
[2020.10.30-16.18.42:378][  0]LogConfig: Setting CVar [[r.SSS.Scale:1]]
[2020.10.30-16.18.42:378][  0]LogConfig: Setting CVar [[r.SSS.SampleSet:2]]
[2020.10.30-16.18.42:378][  0]LogConfig: Setting CVar [[r.SSS.Quality:1]]
[2020.10.30-16.18.42:378][  0]LogConfig: Setting CVar [[r.SSS.HalfRes:0]]
[2020.10.30-16.18.42:378][  0]LogConfig: Setting CVar [[r.SSGI.Quality:3]]
[2020.10.30-16.18.42:378][  0]LogConfig: Setting CVar [[r.EmitterSpawnRateScale:1.0]]
[2020.10.30-16.18.42:378][  0]LogConfig: Setting CVar [[r.ParticleLightQuality:2]]
[2020.10.30-16.18.42:378][  0]LogConfig: Setting CVar [[r.SkyAtmosphere.AerialPerspectiveLUT.FastApplyOnOpaque:1 ; Always have FastSkyLUT 1 in this case to avoid wrong sky]]
[2020.10.30-16.18.42:378][  0]LogConfig: Setting CVar [[r.SkyAtmosphere.AerialPerspectiveLUT.SampleCountPerSlice:1]]
[2020.10.30-16.18.42:378][  0]LogConfig: Setting CVar [[r.SkyAtmosphere.AerialPerspectiveLUT.DepthResolution:16.0]]
[2020.10.30-16.18.42:378][  0]LogConfig: Setting CVar [[r.SkyAtmosphere.FastSkyLUT:1]]
[2020.10.30-16.18.42:378][  0]LogConfig: Setting CVar [[r.SkyAtmosphere.FastSkyLUT.SampleCountMin:4.0]]
[2020.10.30-16.18.42:378][  0]LogConfig: Setting CVar [[r.SkyAtmosphere.FastSkyLUT.SampleCountMax:32.0]]
[2020.10.30-16.18.42:378][  0]LogConfig: Setting CVar [[r.SkyAtmosphere.SampleCountMin:4.0]]
[2020.10.30-16.18.42:378][  0]LogConfig: Setting CVar [[r.SkyAtmosphere.SampleCountMax:32.0]]
[2020.10.30-16.18.42:378][  0]LogConfig: Setting CVar [[r.SkyAtmosphere.TransmittanceLUT.UseSmallFormat:0]]
[2020.10.30-16.18.42:378][  0]LogConfig: Setting CVar [[r.SkyAtmosphere.TransmittanceLUT.SampleCount:10.0]]
[2020.10.30-16.18.42:378][  0]LogConfig: Setting CVar [[r.SkyAtmosphere.MultiScatteringLUT.SampleCount:15.0]]
[2020.10.30-16.18.42:378][  0]LogConfig: Applying CVar settings from Section [FoliageQuality@3] File [D:/Games/GitHub/gamedev_project/Saved/Config/Windows/Scalability.ini]
[2020.10.30-16.18.42:378][  0]LogConfig: Setting CVar [[foliage.DensityScale:1.0]]
[2020.10.30-16.18.42:378][  0]LogConfig: Setting CVar [[grass.DensityScale:1.0]]
[2020.10.30-16.18.42:378][  0]LogConfig: Applying CVar settings from Section [ShadingQuality@3] File [D:/Games/GitHub/gamedev_project/Saved/Config/Windows/Scalability.ini]
[2020.10.30-16.18.42:378][  0]LogConfig: Setting CVar [[r.HairStrands.SkyLighting.SampleCount:16]]
[2020.10.30-16.18.42:378][  0]LogConfig: Setting CVar [[r.HairStrands.SkyLighting.JitterIntegration:0]]
[2020.10.30-16.18.42:378][  0]LogConfig: Setting CVar [[r.HairStrands.SkyAO.SampleCount:16]]
[2020.10.30-16.18.42:378][  0]LogConfig: Setting CVar [[r.HairStrands.DeepShadow.SuperSampling:0]]
[2020.10.30-16.18.42:378][  0]LogConfig: Setting CVar [[r.HairStrands.VisibilityPPLL:0]]
[2020.10.30-16.18.42:378][  0]LogConfig: Setting CVar [[r.HairStrands.RasterizationScale:0.5]]
[2020.10.30-16.18.42:378][  0]LogConfig: Setting CVar [[r.HairStrands.VelocityRasterizationScale:1]]
[2020.10.30-16.18.42:378][  0]LogInit: Selected Device Profile: [Windows]
[2020.10.30-16.18.42:378][  0]LogInit: Applying CVar settings loaded from the selected device profile: [Windows]
[2020.10.30-16.18.42:378][  0]LogHAL: Display: Platform has ~ 16 GB [17108221952 / 17179869184 / 16], which maps to Larger [LargestMinGB=32, LargerMinGB=12, DefaultMinGB=8, SmallerMinGB=6, SmallestMinGB=0)
[2020.10.30-16.18.42:378][  0]LogInit: Going up to parent DeviceProfile []
[2020.10.30-16.18.42:378][  0]LogConfig: Applying CVar settings from Section [ViewDistanceQuality@3] File [D:/Games/GitHub/gamedev_project/Saved/Config/Windows/Scalability.ini]
[2020.10.30-16.18.42:378][  0]LogConfig: Setting CVar [[r.SkeletalMeshLODBias:0]]
[2020.10.30-16.18.42:378][  0]LogConfig: Setting CVar [[r.ViewDistanceScale:1.0]]
[2020.10.30-16.18.42:378][  0]LogConfig: Applying CVar settings from Section [AntiAliasingQuality@3] File [D:/Games/GitHub/gamedev_project/Saved/Config/Windows/Scalability.ini]
[2020.10.30-16.18.42:378][  0]LogConfig: Setting CVar [[r.PostProcessAAQuality:4]]
[2020.10.30-16.18.42:378][  0]LogConfig: Applying CVar settings from Section [ShadowQuality@3] File [D:/Games/GitHub/gamedev_project/Saved/Config/Windows/Scalability.ini]
[2020.10.30-16.18.42:378][  0]LogConfig: Setting CVar [[r.LightFunctionQuality:1]]
[2020.10.30-16.18.42:378][  0]LogConfig: Setting CVar [[r.ShadowQuality:5]]
[2020.10.30-16.18.42:378][  0]LogConfig: Setting CVar [[r.Shadow.CSM.MaxCascades:10]]
[2020.10.30-16.18.42:378][  0]LogConfig: Setting CVar [[r.Shadow.MaxResolution:2048]]
[2020.10.30-16.18.42:378][  0]LogConfig: Setting CVar [[r.Shadow.MaxCSMResolution:2048]]
[2020.10.30-16.18.42:378][  0]LogConfig: Setting CVar [[r.Shadow.RadiusThreshold:0.01]]
[2020.10.30-16.18.42:378][  0]LogConfig: Setting CVar [[r.Shadow.DistanceScale:1.0]]
[2020.10.30-16.18.42:378][  0]LogConfig: Setting CVar [[r.Shadow.CSM.TransitionScale:1.0]]
[2020.10.30-16.18.42:378][  0]LogConfig: Setting CVar [[r.Shadow.PreShadowResolutionFactor:1.0]]
[2020.10.30-16.18.42:378][  0]LogConfig: Setting CVar [[r.DistanceFieldShadowing:1]]
[2020.10.30-16.18.42:378][  0]LogConfig: Setting CVar [[r.DistanceFieldAO:1]]
[2020.10.30-16.18.42:378][  0]LogConfig: Setting CVar [[r.AOQuality:2]]
[2020.10.30-16.18.42:378][  0]LogConfig: Setting CVar [[r.VolumetricFog:1]]
[2020.10.30-16.18.42:378][  0]LogConfig: Setting CVar [[r.VolumetricFog.GridPixelSize:8]]
[2020.10.30-16.18.42:378][  0]LogConfig: Setting CVar [[r.VolumetricFog.GridSizeZ:128]]
[2020.10.30-16.18.42:378][  0]LogConfig: Setting CVar [[r.VolumetricFog.HistoryMissSupersampleCount:4]]
[2020.10.30-16.18.42:378][  0]LogConfig: Setting CVar [[r.LightMaxDrawDistanceScale:1]]
[2020.10.30-16.18.42:378][  0]LogConfig: Setting CVar [[r.CapsuleShadows:1]]
[2020.10.30-16.18.42:378][  0]LogConfig: Applying CVar settings from Section [PostProcessQuality@3] File [D:/Games/GitHub/gamedev_project/Saved/Config/Windows/Scalability.ini]
[2020.10.30-16.18.42:378][  0]LogConfig: Setting CVar [[r.MotionBlurQuality:4]]
[2020.10.30-16.18.42:378][  0]LogConfig: Setting CVar [[r.AmbientOcclusionMipLevelFactor:0.4]]
[2020.10.30-16.18.42:378][  0]LogConfig: Setting CVar [[r.AmbientOcclusionMaxQuality:100]]
[2020.10.30-16.18.42:378][  0]LogConfig: Setting CVar [[r.AmbientOcclusionLevels:-1]]
[2020.10.30-16.18.42:378][  0]LogConfig: Setting CVar [[r.AmbientOcclusionRadiusScale:1.0]]
[2020.10.30-16.18.42:378][  0]LogConfig: Setting CVar [[r.DepthOfFieldQuality:2]]
[2020.10.30-16.18.42:378][  0]LogConfig: Setting CVar [[r.RenderTargetPoolMin:400]]
[2020.10.30-16.18.42:379][  0]LogConfig: Setting CVar [[r.LensFlareQuality:2]]
[2020.10.30-16.18.42:379][  0]LogConfig: Setting CVar [[r.SceneColorFringeQuality:1]]
[2020.10.30-16.18.42:379][  0]LogConfig: Setting CVar [[r.EyeAdaptationQuality:2]]
[2020.10.30-16.18.42:379][  0]LogConfig: Setting CVar [[r.BloomQuality:5]]
[2020.10.30-16.18.42:379][  0]LogConfig: Setting CVar [[r.FastBlurThreshold:100]]
[2020.10.30-16.18.42:379][  0]LogConfig: Setting CVar [[r.Upscale.Quality:3]]
[2020.10.30-16.18.42:379][  0]LogConfig: Setting CVar [[r.Tonemapper.GrainQuantization:1]]
[2020.10.30-16.18.42:379][  0]LogConfig: Setting CVar [[r.LightShaftQuality:1]]
[2020.10.30-16.18.42:379][  0]LogConfig: Setting CVar [[r.Filter.SizeScale:1]]
[2020.10.30-16.18.42:379][  0]LogConfig: Setting CVar [[r.Tonemapper.Quality:5]]
[2020.10.30-16.18.42:379][  0]LogConfig: Setting CVar [[r.DOF.Gather.AccumulatorQuality:1        ; higher gathering accumulator quality]]
[2020.10.30-16.18.42:379][  0]LogConfig: Setting CVar [[r.DOF.Gather.PostfilterMethod:1          ; Median3x3 postfilering method]]
[2020.10.30-16.18.42:379][  0]LogConfig: Setting CVar [[r.DOF.Gather.EnableBokehSettings:0       ; no bokeh simulation when gathering]]
[2020.10.30-16.18.42:379][  0]LogConfig: Setting CVar [[r.DOF.Gather.RingCount:4                 ; medium number of samples when gathering]]
[2020.10.30-16.18.42:379][  0]LogConfig: Setting CVar [[r.DOF.Scatter.ForegroundCompositing:1    ; additive foreground scattering]]
[2020.10.30-16.18.42:379][  0]LogConfig: Setting CVar [[r.DOF.Scatter.BackgroundCompositing:2    ; additive background scattering]]
[2020.10.30-16.18.42:379][  0]LogConfig: Setting CVar [[r.DOF.Scatter.EnableBokehSettings:1      ; bokeh simulation when scattering]]
[2020.10.30-16.18.42:379][  0]LogConfig: Setting CVar [[r.DOF.Scatter.MaxSpriteRatio:0.1         ; only a maximum of 10% of scattered bokeh]]
[2020.10.30-16.18.42:379][  0]LogConfig: Setting CVar [[r.DOF.Recombine.Quality:1                ; cheap slight out of focus]]
[2020.10.30-16.18.42:379][  0]LogConfig: Setting CVar [[r.DOF.Recombine.EnableBokehSettings:0    ; no bokeh simulation on slight out of focus]]
[2020.10.30-16.18.42:379][  0]LogConfig: Setting CVar [[r.DOF.TemporalAAQuality:1                ; more stable temporal accumulation]]
[2020.10.30-16.18.42:379][  0]LogConfig: Setting CVar [[r.DOF.Kernel.MaxForegroundRadius:0.025]]
[2020.10.30-16.18.42:379][  0]LogConfig: Setting CVar [[r.DOF.Kernel.MaxBackgroundRadius:0.025]]
[2020.10.30-16.18.42:379][  0]LogConfig: Applying CVar settings from Section [TextureQuality@3] File [D:/Games/GitHub/gamedev_project/Saved/Config/Windows/Scalability.ini]
[2020.10.30-16.18.42:379][  0]LogConfig: Setting CVar [[r.Streaming.MipBias:0]]
[2020.10.30-16.18.42:379][  0]LogConfig: Setting CVar [[r.Streaming.AmortizeCPUToGPUCopy:0]]
[2020.10.30-16.18.42:379][  0]LogConfig: Setting CVar [[r.Streaming.MaxNumTexturesToStreamPerFrame:0]]
[2020.10.30-16.18.42:379][  0]LogConfig: Setting CVar [[r.Streaming.Boost:1]]
[2020.10.30-16.18.42:379][  0]LogConfig: Setting CVar [[r.MaxAnisotropy:8]]
[2020.10.30-16.18.42:379][  0]LogConfig: Setting CVar [[r.VT.MaxAnisotropy:8]]
[2020.10.30-16.18.42:379][  0]LogConfig: Setting CVar [[r.Streaming.LimitPoolSizeToVRAM:0]]
[2020.10.30-16.18.42:379][  0]LogConfig: Setting CVar [[r.Streaming.PoolSize:1000]]
[2020.10.30-16.18.42:379][  0]LogConfig: Setting CVar [[r.Streaming.MaxEffectiveScreenSize:0]]
[2020.10.30-16.18.42:379][  0]LogConfig: Applying CVar settings from Section [EffectsQuality@3] File [D:/Games/GitHub/gamedev_project/Saved/Config/Windows/Scalability.ini]
[2020.10.30-16.18.42:379][  0]LogConfig: Setting CVar [[r.TranslucencyLightingVolumeDim:64]]
[2020.10.30-16.18.42:379][  0]LogConfig: Setting CVar [[r.RefractionQuality:2]]
[2020.10.30-16.18.42:379][  0]LogConfig: Setting CVar [[r.SSR.Quality:3]]
[2020.10.30-16.18.42:379][  0]LogConfig: Setting CVar [[r.SSR.HalfResSceneColor:0]]
[2020.10.30-16.18.42:379][  0]LogConfig: Setting CVar [[r.SceneColorFormat:4]]
[2020.10.30-16.18.42:379][  0]LogConfig: Setting CVar [[r.DetailMode:2]]
[2020.10.30-16.18.42:379][  0]LogConfig: Setting CVar [[r.TranslucencyVolumeBlur:1]]
[2020.10.30-16.18.42:379][  0]LogConfig: Setting CVar [[r.MaterialQualityLevel:1 ; High quality]]
[2020.10.30-16.18.42:379][  0]LogConfig: Setting CVar [[r.SSS.Scale:1]]
[2020.10.30-16.18.42:379][  0]LogConfig: Setting CVar [[r.SSS.SampleSet:2]]
[2020.10.30-16.18.42:379][  0]LogConfig: Setting CVar [[r.SSS.Quality:1]]
[2020.10.30-16.18.42:379][  0]LogConfig: Setting CVar [[r.SSS.HalfRes:0]]
[2020.10.30-16.18.42:379][  0]LogConfig: Setting CVar [[r.SSGI.Quality:3]]
[2020.10.30-16.18.42:379][  0]LogConfig: Setting CVar [[r.EmitterSpawnRateScale:1.0]]
[2020.10.30-16.18.42:379][  0]LogConfig: Setting CVar [[r.ParticleLightQuality:2]]
[2020.10.30-16.18.42:379][  0]LogConfig: Setting CVar [[r.SkyAtmosphere.AerialPerspectiveLUT.FastApplyOnOpaque:1 ; Always have FastSkyLUT 1 in this case to avoid wrong sky]]
[2020.10.30-16.18.42:379][  0]LogConfig: Setting CVar [[r.SkyAtmosphere.AerialPerspectiveLUT.SampleCountPerSlice:1]]
[2020.10.30-16.18.42:379][  0]LogConfig: Setting CVar [[r.SkyAtmosphere.AerialPerspectiveLUT.DepthResolution:16.0]]
[2020.10.30-16.18.42:379][  0]LogConfig: Setting CVar [[r.SkyAtmosphere.FastSkyLUT:1]]
[2020.10.30-16.18.42:379][  0]LogConfig: Setting CVar [[r.SkyAtmosphere.FastSkyLUT.SampleCountMin:4.0]]
[2020.10.30-16.18.42:379][  0]LogConfig: Setting CVar [[r.SkyAtmosphere.FastSkyLUT.SampleCountMax:32.0]]
[2020.10.30-16.18.42:379][  0]LogConfig: Setting CVar [[r.SkyAtmosphere.SampleCountMin:4.0]]
[2020.10.30-16.18.42:379][  0]LogConfig: Setting CVar [[r.SkyAtmosphere.SampleCountMax:32.0]]
[2020.10.30-16.18.42:379][  0]LogConfig: Setting CVar [[r.SkyAtmosphere.TransmittanceLUT.UseSmallFormat:0]]
[2020.10.30-16.18.42:379][  0]LogConfig: Setting CVar [[r.SkyAtmosphere.TransmittanceLUT.SampleCount:10.0]]
[2020.10.30-16.18.42:379][  0]LogConfig: Setting CVar [[r.SkyAtmosphere.MultiScatteringLUT.SampleCount:15.0]]
[2020.10.30-16.18.42:379][  0]LogConfig: Applying CVar settings from Section [FoliageQuality@3] File [D:/Games/GitHub/gamedev_project/Saved/Config/Windows/Scalability.ini]
[2020.10.30-16.18.42:379][  0]LogConfig: Setting CVar [[foliage.DensityScale:1.0]]
[2020.10.30-16.18.42:379][  0]LogConfig: Setting CVar [[grass.DensityScale:1.0]]
[2020.10.30-16.18.42:379][  0]LogConfig: Applying CVar settings from Section [ShadingQuality@3] File [D:/Games/GitHub/gamedev_project/Saved/Config/Windows/Scalability.ini]
[2020.10.30-16.18.42:379][  0]LogConfig: Setting CVar [[r.HairStrands.SkyLighting.SampleCount:16]]
[2020.10.30-16.18.42:379][  0]LogConfig: Setting CVar [[r.HairStrands.SkyLighting.JitterIntegration:0]]
[2020.10.30-16.18.42:379][  0]LogConfig: Setting CVar [[r.HairStrands.SkyAO.SampleCount:16]]
[2020.10.30-16.18.42:379][  0]LogConfig: Setting CVar [[r.HairStrands.DeepShadow.SuperSampling:0]]
[2020.10.30-16.18.42:379][  0]LogConfig: Setting CVar [[r.HairStrands.VisibilityPPLL:0]]
[2020.10.30-16.18.42:379][  0]LogConfig: Setting CVar [[r.HairStrands.RasterizationScale:0.5]]
[2020.10.30-16.18.42:379][  0]LogConfig: Setting CVar [[r.HairStrands.VelocityRasterizationScale:1]]
[2020.10.30-16.18.42:379][  0]LogConfig: Applying CVar settings from Section [Startup] File [../../../Engine/Config/ConsoleVariables.ini]
[2020.10.30-16.18.42:380][  0]LogConfig: Setting CVar [[net.UseAdaptiveNetUpdateFrequency:0]]
[2020.10.30-16.18.42:380][  0]LogConfig: Setting CVar [[p.chaos.AllowCreatePhysxBodies:1]]
[2020.10.30-16.18.42:380][  0]LogConfig: Setting CVar [[fx.SkipVectorVMBackendOptimizations:1]]
[2020.10.30-16.18.42:380][  0]LogConfig: Applying CVar settings from Section [ConsoleVariables] File [D:/Games/GitHub/gamedev_project/Saved/Config/Windows/Engine.ini]
[2020.10.30-16.18.42:380][  0]LogInit: Computer: DESKTOP-CBC2SE3
[2020.10.30-16.18.42:380][  0]LogInit: User: 1
[2020.10.30-16.18.42:380][  0]LogInit: CPU Page size=4096, Cores=6
[2020.10.30-16.18.42:380][  0]LogInit: High frequency timer resolution =10.000000 MHz
[2020.10.30-16.18.42:380][  0]LogMemory: Memory total: Physical=15.9GB (16GB approx)
[2020.10.30-16.18.42:380][  0]LogMemory: Platform Memory Stats for Windows
[2020.10.30-16.18.42:380][  0]LogMemory: Process Physical Memory: 114.49 MB used, 114.49 MB peak
[2020.10.30-16.18.42:380][  0]LogMemory: Process Virtual Memory: 104.33 MB used, 104.33 MB peak
[2020.10.30-16.18.42:380][  0]LogMemory: Physical Memory: 7354.96 MB used,  8960.71 MB free, 16315.67 MB total
[2020.10.30-16.18.42:380][  0]LogMemory: Virtual Memory: 5145.67 MB used,  134212584.00 MB free, 134217728.00 MB total
[2020.10.30-16.18.42:386][  0]LogWindows: WindowsPlatformFeatures enabled
[2020.10.30-16.18.42:438][  0]LogInit: Physics initialised using underlying interface: PhysX
[2020.10.30-16.18.42:439][  0]LogInit: Using OS detected language (ru-RU).
[2020.10.30-16.18.42:439][  0]LogInit: Using OS detected locale (ru-RU).
[2020.10.30-16.18.42:440][  0]LogTextLocalizationManager: No specific localization for 'ru-RU' exists, so the 'ru' localization will be used.
[2020.10.30-16.18.42:440][  0]LogTextLocalizationResource: LocRes '../../../Engine/Content/Localization/Editor/ru/Editor.locres' could not be opened for reading!
[2020.10.30-16.18.42:440][  0]LogTextLocalizationResource: LocRes '../../../Engine/Content/Localization/EditorTutorials/ru/EditorTutorials.locres' could not be opened for reading!
[2020.10.30-16.18.42:440][  0]LogTextLocalizationResource: LocRes '../../../Engine/Content/Localization/Keywords/ru/Keywords.locres' could not be opened for reading!
[2020.10.30-16.18.42:441][  0]LogTextLocalizationResource: LocRes '../../../Engine/Content/Localization/Category/ru/Category.locres' could not be opened for reading!
[2020.10.30-16.18.42:441][  0]LogTextLocalizationResource: LocRes '../../../Engine/Content/Localization/ToolTips/ru/ToolTips.locres' could not be opened for reading!
[2020.10.30-16.18.42:441][  0]LogTextLocalizationResource: LocRes '../../../Engine/Content/Localization/PropertyNames/ru/PropertyNames.locres' could not be opened for reading!
[2020.10.30-16.18.42:441][  0]LogTextLocalizationResource: LocRes '../../../Engine/Content/Localization/Engine/ru/Engine.locres' could not be opened for reading!
[2020.10.30-16.18.42:441][  0]LogInit: Setting process to per monitor DPI aware
[2020.10.30-16.18.42:472][  0]LogSlate: New Slate User Created.  User Index 0, Is Virtual User: 0
[2020.10.30-16.18.42:472][  0]LogSlate: Slate User Registered.  User Index 0, Is Virtual User: 0
[2020.10.30-16.18.42:581][  0]LogHMD: Failed to initialize OpenVR with code 110
[2020.10.30-16.18.42:582][  0]LogD3D11RHI: D3D11 min allowed feature level: 11_0
[2020.10.30-16.18.42:582][  0]LogD3D11RHI: D3D11 max allowed feature level: 11_0
[2020.10.30-16.18.42:582][  0]LogD3D11RHI: D3D11 adapters:
[2020.10.30-16.18.42:650][  0]LogD3D11RHI:    0. 'NVIDIA GeForce GTX 1660 Ti' (Feature Level 11_0)
[2020.10.30-16.18.42:650][  0]LogD3D11RHI:       5991/0/8157 MB DedicatedVideo/DedicatedSystem/SharedSystem, Outputs:1, VendorId:0x10de
[2020.10.30-16.18.42:653][  0]LogD3D11RHI:    1. 'Microsoft Basic Render Driver' (Feature Level 11_0)
[2020.10.30-16.18.42:653][  0]LogD3D11RHI:       0/0/8157 MB DedicatedVideo/DedicatedSystem/SharedSystem, Outputs:0, VendorId:0x1414
[2020.10.30-16.18.42:653][  0]LogD3D11RHI: Chosen D3D11 Adapter: 0
[2020.10.30-16.18.42:660][  0]LogD3D11RHI: Creating new Direct3DDevice
[2020.10.30-16.18.42:660][  0]LogD3D11RHI:     GPU DeviceId: 0x2182 (for the marketing name, search the web for "GPU Device Id")
[2020.10.30-16.18.42:660][  0]LogWindows: EnumDisplayDevices:
[2020.10.30-16.18.42:660][  0]LogWindows:    0. 'NVIDIA GeForce GTX 1660 Ti' (P:1 D:1)
[2020.10.30-16.18.42:661][  0]LogWindows:    1. 'NVIDIA GeForce GTX 1660 Ti' (P:0 D:0)
[2020.10.30-16.18.42:661][  0]LogWindows:    2. 'NVIDIA GeForce GTX 1660 Ti' (P:0 D:0)
[2020.10.30-16.18.42:661][  0]LogWindows:    3. 'NVIDIA GeForce GTX 1660 Ti' (P:0 D:0)
[2020.10.30-16.18.42:662][  0]LogWindows: DebugString: FoundDriverCount:4 
[2020.10.30-16.18.42:662][  0]LogD3D11RHI:     Adapter Name: NVIDIA GeForce GTX 1660 Ti
[2020.10.30-16.18.42:662][  0]LogD3D11RHI:   Driver Version: 456.55 (internal:27.21.14.5655, unified:456.55)
[2020.10.30-16.18.42:662][  0]LogD3D11RHI:      Driver Date: 9-24-2020
[2020.10.30-16.18.42:662][  0]LogRHI: Texture pool is 4193 MB (70% of 5991 MB)
[2020.10.30-16.18.42:700][  0]LogD3D11RHI: RHI has support for 64 bit atomics
[2020.10.30-16.18.42:702][  0]LogD3D11RHI: [Aftermath] Enabled and primed
[2020.10.30-16.18.42:702][  0]LogD3D11RHI: Async texture creation enabled
[2020.10.30-16.18.42:702][  0]LogD3D11RHI: Array index from any shader is supported
[2020.10.30-16.18.42:719][  0]LogD3D11RHI: GPU Timing Frequency: 1000.000000 (Debug: 2 1)
[2020.10.30-16.18.43:041][  0]LogTargetPlatformManager: Display: Loaded TargetPlatform 'AllDesktop'
[2020.10.30-16.18.43:061][  0]LogTargetPlatformManager: Display: Loaded TargetPlatform 'Android'
[2020.10.30-16.18.43:061][  0]LogTargetPlatformManager: Display: Loaded TargetPlatform 'Android_ASTC'
[2020.10.30-16.18.43:061][  0]LogTargetPlatformManager: Display: Loaded TargetPlatform 'Android_DXT'
[2020.10.30-16.18.43:061][  0]LogTargetPlatformManager: Display: Loaded TargetPlatform 'Android_ETC2'
[2020.10.30-16.18.43:061][  0]LogTargetPlatformManager: Display: Loaded TargetPlatform 'AndroidClient'
[2020.10.30-16.18.43:061][  0]LogTargetPlatformManager: Display: Loaded TargetPlatform 'Android_ASTCClient'
[2020.10.30-16.18.43:061][  0]LogTargetPlatformManager: Display: Loaded TargetPlatform 'Android_DXTClient'
[2020.10.30-16.18.43:061][  0]LogTargetPlatformManager: Display: Loaded TargetPlatform 'Android_ETC2Client'
[2020.10.30-16.18.43:061][  0]LogTargetPlatformManager: Display: Loaded TargetPlatform 'Android_Multi'
[2020.10.30-16.18.43:061][  0]LogTargetPlatformManager: Display: Loaded TargetPlatform 'Android_MultiClient'
[2020.10.30-16.18.43:083][  0]LogTargetPlatformManager: Display: Loaded TargetPlatform 'IOSClient'
[2020.10.30-16.18.43:083][  0]LogTargetPlatformManager: Display: Loaded TargetPlatform 'IOS'
[2020.10.30-16.18.43:093][  0]LogTargetPlatformManager: Display: Loaded TargetPlatform 'Linux'
[2020.10.30-16.18.43:102][  0]LogTargetPlatformManager: Display: Loaded TargetPlatform 'LinuxNoEditor'
[2020.10.30-16.18.43:110][  0]LogTargetPlatformManager: Display: Loaded TargetPlatform 'LinuxClient'
[2020.10.30-16.18.43:119][  0]LogTargetPlatformManager: Display: Loaded TargetPlatform 'LinuxServer'
[2020.10.30-16.18.43:128][  0]LogTargetPlatformManager: Display: Loaded TargetPlatform 'LinuxAArch64NoEditor'
[2020.10.30-16.18.43:137][  0]LogTargetPlatformManager: Display: Loaded TargetPlatform 'LinuxAArch64Client'
[2020.10.30-16.18.43:145][  0]LogTargetPlatformManager: Display: Loaded TargetPlatform 'LinuxAArch64Server'
[2020.10.30-16.18.43:168][  0]LogTargetPlatformManager: Display: Loaded TargetPlatform 'Lumin'
[2020.10.30-16.18.43:168][  0]LogTargetPlatformManager: Display: Loaded TargetPlatform 'LuminClient'
[2020.10.30-16.18.43:182][  0]LogTargetPlatformManager: Display: Loaded TargetPlatform 'TVOSClient'
[2020.10.30-16.18.43:182][  0]LogTargetPlatformManager: Display: Loaded TargetPlatform 'TVOS'
[2020.10.30-16.18.43:191][  0]LogTargetPlatformManager: Display: Loaded TargetPlatform 'WindowsNoEditor'
[2020.10.30-16.18.43:199][  0]LogTargetPlatformManager: Display: Loaded TargetPlatform 'Windows'
[2020.10.30-16.18.43:208][  0]LogTargetPlatformManager: Display: Loaded TargetPlatform 'WindowsClient'
[2020.10.30-16.18.43:216][  0]LogTargetPlatformManager: Display: Loaded TargetPlatform 'WindowsServer'
[2020.10.30-16.18.43:216][  0]LogTargetPlatformManager: Display: Building Assets For Windows
[2020.10.30-16.18.43:225][  0]LogAudioDebug: Display: Lib vorbis DLL was dynamically loaded.
[2020.10.30-16.18.43:285][  0]LogShaderCompilers: Guid format shader working directory is -2 characters bigger than the processId version (../../../../../Games/GitHub/gamedev_project/Intermediate/Shaders/WorkingDirectory/12644/).
[2020.10.30-16.18.43:285][  0]LogShaderCompilers: Cleaned the shader compiler working directory 'C:/Users/1/AppData/Local/Temp/UnrealShaderWorkingDir/8756A3C4470BEDBE731239AF9DC855F8/'.
[2020.10.30-16.18.43:285][  0]LogXGEController: Cannot use XGE Controller as Incredibuild is not installed on this machine.
[2020.10.30-16.18.43:285][  0]LogShaderCompilers: Cannot use XGE Shader Compiler as Incredibuild is not installed on this machine.
[2020.10.30-16.18.43:285][  0]LogShaderCompilers: Display: Using Local Shader Compiler.
[2020.10.30-16.18.43:967][  0]LogDerivedDataCache: Display: Max Cache Size: 512 MB
[2020.10.30-16.18.44:060][  0]LogDerivedDataCache: Loaded boot cache 0.06s 97MB C:/Users/1/AppData/Local/UnrealEngine/4.25/DerivedDataCache/Boot.ddc.
[2020.10.30-16.18.44:060][  0]LogDerivedDataCache: Display: Loaded Boot cache: C:/Users/1/AppData/Local/UnrealEngine/4.25/DerivedDataCache/Boot.ddc
[2020.10.30-16.18.44:060][  0]LogDerivedDataCache: FDerivedDataBackendGraph:  Pak pak cache file ../../../../../Games/GitHub/gamedev_project/DerivedDataCache/DDC.ddp not found, will not use a pak cache.
[2020.10.30-16.18.44:060][  0]LogDerivedDataCache: Unable to find inner node Pak for hierarchical cache Hierarchy.
[2020.10.30-16.18.44:060][  0]LogDerivedDataCache: FDerivedDataBackendGraph:  CompressedPak pak cache file ../../../../../Games/GitHub/gamedev_project/DerivedDataCache/Compressed.ddp not found, will not use a pak cache.
[2020.10.30-16.18.44:060][  0]LogDerivedDataCache: Unable to find inner node CompressedPak for hierarchical cache Hierarchy.
[2020.10.30-16.18.44:070][  0]LogDerivedDataCache: Display: Pak cache opened for reading ../../../Engine/DerivedDataCache/Compressed.ddp.
[2020.10.30-16.18.44:070][  0]LogDerivedDataCache: FDerivedDataBackendGraph:  EnterprisePak pak cache file ../../../Enterprise/DerivedDataCache/Compressed.ddp not found, will not use a pak cache.
[2020.10.30-16.18.44:070][  0]LogDerivedDataCache: Unable to find inner node EnterprisePak for hierarchical cache Hierarchy.
[2020.10.30-16.18.44:071][  0]LogDerivedDataCache: Using Local data cache path C:/Users/1/AppData/Local/UnrealEngine/Common/DerivedDataCache: Writable
[2020.10.30-16.18.44:072][  0]LogDerivedDataCache: Shared data cache path not found in *engine.ini, will not use an Shared cache.
[2020.10.30-16.18.44:072][  0]LogDerivedDataCache: Unable to find inner node Shared for hierarchical cache Hierarchy.
[2020.10.30-16.18.44:119][  0]LogSlate: Using FreeType 2.10.0
[2020.10.30-16.18.44:119][  0]LogSlate: SlateFontServices - WITH_FREETYPE: 1, WITH_HARFBUZZ: 1
[2020.10.30-16.18.44:142][  0]LogAssetRegistry: FAssetRegistry took 0.0022 seconds to start up
[2020.10.30-16.18.44:350][  0]LogInit: Selected Device Profile: [Windows]
[2020.10.30-16.18.44:460][  0]LogMeshReduction: Using QuadricMeshReduction for automatic static mesh reduction
[2020.10.30-16.18.44:460][  0]LogMeshReduction: Using SimplygonMeshReduction for automatic skeletal mesh reduction
[2020.10.30-16.18.44:460][  0]LogMeshReduction: Using ProxyLODMeshReduction for automatic mesh merging
[2020.10.30-16.18.44:460][  0]LogMeshReduction: No distributed automatic mesh merging module available
[2020.10.30-16.18.44:460][  0]LogMeshMerging: No distributed automatic mesh merging module available
[2020.10.30-16.18.44:473][  0]LogNetVersion: gamedev_project 1.0.0, NetCL: 13144385, EngineNetVer: 14, GameNetVer: 0 (Checksum: 290604577)
[2020.10.30-16.18.44:846][  0]LogAISub: UAISubsystem::UAISubsystem AISubsystem (000002878631D840), frame # 0
[2020.10.30-16.18.44:846][  0]LogAISub: UAISubsystem::UAISubsystem AIPerceptionSystem (0000028786266AC0), frame # 0
[2020.10.30-16.18.44:847][  0]LogAISub: UAISubsystem::UAISubsystem EnvQueryManager (00000287862E0C00), frame # 0
[2020.10.30-16.18.44:877][  0]LogPackageLocalizationCache: Processed 19 localized package path(s) for 1 prioritized culture(s) in 0.025323 seconds
[2020.10.30-16.18.44:882][  0]LogUObjectArray: 15917 objects as part of root set at end of initial load.
[2020.10.30-16.18.44:882][  0]LogUObjectAllocator: 3965568 out of 0 bytes used by permanent object pool.
[2020.10.30-16.18.44:882][  0]LogUObjectArray: CloseDisregardForGC: 0/0 objects in disregard for GC pool
[2020.10.30-16.18.45:205][  0]LogTcpMessaging: Initializing TcpMessaging bridge
[2020.10.30-16.18.45:209][  0]LogUdpMessaging: Initializing bridge on interface 0.0.0.0:0 to multicast group 230.0.0.1:6666.
[2020.10.30-16.18.45:284][  0]SourceControl: Source control is disabled
[2020.10.30-16.18.45:284][  0]SourceControl: Source control is disabled
[2020.10.30-16.18.45:287][  0]SourceControl: Source control is disabled
[2020.10.30-16.18.45:290][  0]SourceControl: Source control is disabled
[2020.10.30-16.18.45:298][  0]SourceControl: Source control is disabled
[2020.10.30-16.18.45:533][  0]LogAndroidPermission: UAndroidPermissionCallbackProxy::GetInstance
[2020.10.30-16.18.45:554][  0]LogAudioCaptureCore: Display: No Audio Capture implementations found. Audio input will be silent.
[2020.10.30-16.18.45:554][  0]LogAudioCaptureCore: Display: No Audio Capture implementations found. Audio input will be silent.
[2020.10.30-16.18.45:600][  0]LogOcInput: OculusInput pre-init called
[2020.10.30-16.18.45:610][  0]LogWindows: Failed to load 'OVRPlugin.dll' (GetLastError=126)
[2020.10.30-16.18.45:610][  0]LogWindows: File 'OVRPlugin.dll' does not exist
[2020.10.30-16.18.45:666][  0]LogEngine: Initializing Engine...
[2020.10.30-16.18.45:667][  0]LogHMD: Failed to initialize OpenVR with code 110
[2020.10.30-16.18.45:667][  0]LogMagicLeap: Warning: VR disabled because ZI is not enabled.  To enable, in the editor, Edit -> Project Settings -> Plugins -> Magic Leap Plugin -> Enable Zero Iteration
[2020.10.30-16.18.45:668][  0]LogStats: UGameplayTagsManager::InitializeManager -  0.000 s
[2020.10.30-16.18.45:776][  0]LogInit: Initializing FReadOnlyCVARCache
[2020.10.30-16.18.45:784][  0]LogAIModule: Creating AISystem for world Untitled
[2020.10.30-16.18.45:784][  0]LogAISub: UAISubsystem::UAISubsystem EnvQueryManager (000002878EBAFC00), frame # 0
[2020.10.30-16.18.45:784][  0]LogAISub: UAISubsystem::UAISubsystem AIPerceptionSystem (000002878EBF5E40), frame # 0
[2020.10.30-16.18.45:803][  0]LogAudioMixer: Display: Audio Mixer Platform Settings:
[2020.10.30-16.18.45:803][  0]LogAudioMixer: Display: 	Sample Rate:						  48000
[2020.10.30-16.18.45:803][  0]LogAudioMixer: Display: 	Callback Buffer Frame Size Requested: 1024
[2020.10.30-16.18.45:803][  0]LogAudioMixer: Display: 	Callback Buffer Frame Size To Use:	  1024
[2020.10.30-16.18.45:803][  0]LogAudioMixer: Display: 	Number of buffers to queue:			  2
[2020.10.30-16.18.45:803][  0]LogAudioMixer: Display: 	Max Channels (voices):				  32
[2020.10.30-16.18.45:803][  0]LogAudioMixer: Display: 	Number of Async Source Workers:		  0
[2020.10.30-16.18.45:803][  0]LogAudio: Display: AudioDevice MaxSources: 32
[2020.10.30-16.18.45:804][  0]LogAudio: Display: Using built-in audio occlusion.
[2020.10.30-16.18.45:804][  0]LogAudioMixer: Display: Initializing audio mixer.
[2020.10.30-16.18.45:822][  0]LogAudioMixer: Display: 0: FrontLeft
[2020.10.30-16.18.45:822][  0]LogAudioMixer: Display: 1: FrontRight
[2020.10.30-16.18.45:872][  0]LogAudioMixer: Display: Using Audio Device Динамики (Samson Meteor Mic)
[2020.10.30-16.18.45:875][  0]LogAudioMixer: Display: Initializing Sound Submixes...
[2020.10.30-16.18.45:876][  0]LogAudioMixer: Display: Creating Master Submix 'MasterSubmixDefault'
[2020.10.30-16.18.45:876][  0]LogAudioMixer: Display: Creating Master Submix 'MasterReverbSubmixDefault'
[2020.10.30-16.18.45:877][  0]LogAudioMixer: Display: Creating Master Submix 'MasterEQSubmixDefault'
[2020.10.30-16.18.45:878][  0]LogInit: FAudioDevice initialized.
[2020.10.30-16.18.45:878][  0]LogNetVersion: Set ProjectVersion to 1.0.0.0. Version Checksum will be recalculated on next use.
[2020.10.30-16.18.46:105][  0]LogDerivedDataCache: Saved boot cache 0.23s 97MB C:/Users/1/AppData/Local/UnrealEngine/4.25/DerivedDataCache/Boot.ddc.
[2020.10.30-16.18.46:110][  0]LogInit: Texture streaming: Enabled
[2020.10.30-16.18.46:126][  0]LogEngineSessionManager: EngineSessionManager initialized
[2020.10.30-16.18.46:126][  0]LogEditorSessionSummary: Verbose: Initializing EditorSessionSummaryWriter for editor session tracking
[2020.10.30-16.18.46:128][  0]LogEditorSessionSummary: EditorSessionSummaryWriter initialized
[2020.10.30-16.18.46:165][  0]LogInit: Transaction tracking system initialized
[2020.10.30-16.18.46:186][  0]BlueprintLog: New page: Editor Load
[2020.10.30-16.18.46:252][  0]LocalizationService: Localization service is disabled
[2020.10.30-16.18.46:386][  0]LogCook: Display: Max memory allowance for cook 16384mb min free memory 0mb
[2020.10.30-16.18.46:386][  0]LogCook: Display: Mobile HDR setting 0
[2020.10.30-16.18.46:511][  0]LogFileCache: Scanning file cache for directory 'D:/Games/GitHub/gamedev_project/Content/' took 0.00s
[2020.10.30-16.18.46:695][  0]SourceControl: Source control is disabled
[2020.10.30-16.18.46:695][  0]LogUnrealEdMisc: Loading editor; pre map load, took 5.779
[2020.10.30-16.18.46:695][  0]Cmd: MAP LOAD FILE="../../../../../Games/GitHub/gamedev_project/Content/2DSideScrollerBP/Maps/NewWorld.umap" TEMPLATE=0 SHOWPROGRESS=1 FEATURELEVEL=3
[2020.10.30-16.18.46:695][  0]LightingResults: New page: Lighting Build
[2020.10.30-16.18.46:696][  0]LogWorld: UWorld::CleanupWorld for Untitled, bSessionEnded=true, bCleanupResources=true
[2020.10.30-16.18.46:696][  0]LogSlate: InvalidateAllWidgets triggered.  All widgets were invalidated
[2020.10.30-16.18.46:696][  0]MapCheck: New page: Map Check
[2020.10.30-16.18.46:696][  0]LightingResults: New page: Lighting Build
[2020.10.30-16.18.46:704][  0]LogAISub: UAISubsystem::~UAISubsystem EnvQueryManager (000002878EBAFC00), frame # 0
[2020.10.30-16.18.46:704][  0]LogAISub: UAISubsystem::~UAISubsystem AIPerceptionSystem (000002878EBF5E40), frame # 0
[2020.10.30-16.18.46:705][  0]LogUObjectHash: Compacting FUObjectHashTables data took   0.58ms
[2020.10.30-16.18.47:149][  0]LogAIModule: Creating AISystem for world NewWorld
[2020.10.30-16.18.47:149][  0]LogAISub: UAISubsystem::UAISubsystem EnvQueryManager (0000028798C9D600), frame # 0
[2020.10.30-16.18.47:149][  0]LogAISub: UAISubsystem::UAISubsystem AIPerceptionSystem (000002879D812980), frame # 0
[2020.10.30-16.18.47:257][  0]LogEditorServer: Finished looking for orphan Actors (0.000 secs)
[2020.10.30-16.18.47:278][  0]LogUObjectHash: Compacting FUObjectHashTables data took   0.88ms
[2020.10.30-16.18.47:279][  0]Cmd: MAP CHECKDEP NOCLEARLOG
[2020.10.30-16.18.47:279][  0]MapCheck: Map check complete: 0 Error(s), 0 Warning(s), took 0,108ms to complete.
[2020.10.30-16.18.47:279][  0]LogFileHelpers: Loading map 'NewWorld' took 0.584
[2020.10.30-16.18.47:280][  0]LogUnrealEdMisc: Total Editor Startup Time, took 6.365
[2020.10.30-16.18.47:398][  0]LogSlate: Updating window title bar state: overlay mode, drag disabled, window buttons hidden, title bar hidden
[2020.10.30-16.18.47:404][  0]LogSlate: Updating window title bar state: overlay mode, drag disabled, window buttons hidden, title bar hidden
[2020.10.30-16.18.47:410][  0]LogSlate: Updating window title bar state: overlay mode, drag disabled, window buttons hidden, title bar hidden
[2020.10.30-16.18.47:416][  0]LogSlate: Updating window title bar state: overlay mode, drag disabled, window buttons hidden, title bar hidden
[2020.10.30-16.18.47:422][  0]LogCollectionManager: Loaded 0 collections in 0.000724 seconds
[2020.10.30-16.18.47:434][  0]LogFileCache: Scanning file cache for directory 'D:/Games/GitHub/gamedev_project/Saved/Collections/' took 0.00s
[2020.10.30-16.18.47:434][  0]LogFileCache: Scanning file cache for directory 'D:/Games/GitHub/gamedev_project/Content/Developers/1/Collections/' took 0.00s
[2020.10.30-16.18.47:434][  0]LogFileCache: Scanning file cache for directory 'D:/Games/GitHub/gamedev_project/Content/Collections/' took 0.00s
[2020.10.30-16.18.47:434][  0]LogContentBrowser: Native class hierarchy populated in 0.0081 seconds. Added 3427 classes and 821 folders.
[2020.10.30-16.18.47:438][  0]LogContentBrowser: Native class hierarchy updated for 'WidgetCarousel' in 0.0002 seconds. Added 0 classes and 0 folders.
[2020.10.30-16.18.47:479][  0]LogContentBrowser: Native class hierarchy updated for 'AddContentDialog' in 0.0002 seconds. Added 0 classes and 0 folders.
[2020.10.30-16.18.47:480][  0]LogContentBrowser: Native class hierarchy updated for 'SceneOutliner' in 0.0002 seconds. Added 2 classes and 0 folders.
[2020.10.30-16.18.47:510][  0]LogSlate: Took 0.000143 seconds to synchronously load lazily loaded font '../../../Engine/Content/Slate/Fonts/Roboto-Regular.ttf' (155K)
[2020.10.30-16.18.47:512][  0]LogSlate: Took 0.000120 seconds to synchronously load lazily loaded font '../../../Engine/Content/Slate/Fonts/Roboto-Bold.ttf' (160K)
[2020.10.30-16.18.47:515][  0]LogSlate: Took 0.000094 seconds to synchronously load lazily loaded font '../../../Engine/Content/Editor/Slate/Fonts/FontAwesome.ttf' (139K)
[2020.10.30-16.18.47:570][  0]LogRenderer: Reallocating scene render targets to support 1060x572 Format 10 NumSamples 1 (Frame:1).
[2020.10.30-16.18.47:588][  0]LogSlate: Took 0.000243 seconds to synchronously load lazily loaded font '../../../Engine/Content/Slate/Fonts/Roboto-Light.ttf' (167K)
[2020.10.30-16.18.47:597][  0]LogSlate: Took 0.000116 seconds to synchronously load lazily loaded font '../../../Engine/Content/Slate/Fonts/Roboto-Light.ttf' (167K)
[2020.10.30-16.18.47:641][  0]LogContentBrowser: Native class hierarchy updated for 'HierarchicalLODOutliner' in 0.0002 seconds. Added 0 classes and 0 folders.
[2020.10.30-16.18.47:641][  0]LogLoad: (Engine Initialization) Total time: 6.72 seconds
[2020.10.30-16.18.47:641][  0]LogLoad: (Engine Initialization) Total Blueprint compile time: 0.00 seconds
[2020.10.30-16.18.47:798][  0]LogAssetRegistry: Asset discovery search completed in 3.6561 seconds
[2020.10.30-16.18.47:803][  0]LogCollectionManager: Fixed up redirectors for 0 collections in 0.000002 seconds (updated 0 objects)
[2020.10.30-16.18.47:805][  0]LogContentStreaming: Texture pool size now 1000 MB
[2020.10.30-16.18.47:844][  1]LogFileCache: Retrieving MD5 hashes for directory 'D:/Games/GitHub/gamedev_project/Content/' took 0.19s
[2020.10.30-16.19.02:630][722]LogAssetEditorSubsystem: Opening Asset editor for Blueprint /Game/Light_Roma/Mirror.Mirror
[2020.10.30-16.19.02:755][722]LogContentBrowser: Native class hierarchy updated for 'BlueprintGraph' in 0.0005 seconds. Added 125 classes and 0 folders.
[2020.10.30-16.19.03:561][722]LogSlate: Took 0.000129 seconds to synchronously load lazily loaded font '../../../Engine/Content/Slate/Fonts/Roboto-BoldCondensed.ttf' (158K)
[2020.10.30-16.19.03:870][723]LogSlate: Took 0.000159 seconds to synchronously load lazily loaded font '../../../Engine/Content/Slate/Fonts/Roboto-Italic.ttf' (157K)
[2020.10.30-16.19.05:053][856]LogRenderer: Reallocating scene render targets to support 1144x620 Format 10 NumSamples 1 (Frame:1).
[2020.10.30-16.19.48:400][985]LogEditorTransaction: Undo Modify Component Scale
[2020.10.30-16.20.02:522][607]LogEditorTransaction: Undo Make New Scene Root
[2020.10.30-16.21.20:031][663]LogEditorTransaction: Undo Set Scale
[2020.10.30-16.21.21:025][737]LogEditorTransaction: Undo Set Scale
[2020.10.30-16.25.04:553][217]BlueprintLog: New page: Compile Mirror
[2020.10.30-16.25.04:795][217]LogUObjectHash: Compacting FUObjectHashTables data took   2.24ms
[2020.10.30-16.25.04:929][217]LogSlate: Took 0.000127 seconds to synchronously load lazily loaded font '../../../Engine/Content/Slate/Fonts/DroidSansMono.ttf' (77K)
[2020.10.30-16.25.05:390][269]Cmd: OBJ SAVEPACKAGE PACKAGE="/Game/Light_Roma/Mirror" FILE="../../../../../Games/GitHub/gamedev_project/Content/Light_Roma/Mirror.uasset" SILENT=true
[2020.10.30-16.25.05:534][269]LogSavePackage: Moving '../../../../../Games/GitHub/gamedev_project/Saved/MirrorD18A20D641C5A973651D3DB6A917CBA2.tmp' to '../../../../../Games/GitHub/gamedev_project/Content/Light_Roma/Mirror.uasset'
[2020.10.30-16.25.05:545][269]AssetCheck: New page: Asset Save: Mirror
[2020.10.30-16.25.05:546][269]LogContentValidation: Display: Validating Blueprint /Game/Light_Roma/Mirror.Mirror
[2020.10.30-16.25.21:558][  9]LogTemp: Repeating last play command: New Editor Window (PIE)
[2020.10.30-16.25.21:570][  9]LogPlayLevel: PlayLevel: No blueprints needed recompiling
[2020.10.30-16.25.21:571][  9]PIE: New page: PIE session: NewWorld (30 окт. 2020 г., 22:25:21)
[2020.10.30-16.25.21:572][  9]LogOnline: OSS: Creating online subsystem instance for: NULL
[2020.10.30-16.25.21:573][  9]LogOnline: OSS: TryLoadSubsystemAndSetDefault: Loaded subsystem for module [NULL]
[2020.10.30-16.25.21:573][  9]LogPlayLevel: Creating play world package: /Game/2DSideScrollerBP/Maps/UEDPIE_0_NewWorld
[2020.10.30-16.25.21:598][  9]LogPlayLevel: PIE: StaticDuplicateObject took: (0.025492s)
[2020.10.30-16.25.21:599][  9]LogAIModule: Creating AISystem for world NewWorld
[2020.10.30-16.25.21:599][  9]LogAISub: UAISubsystem::UAISubsystem EnvQueryManager (00000287988D0800), frame # 40009
[2020.10.30-16.25.21:599][  9]LogAISub: UAISubsystem::UAISubsystem AIPerceptionSystem (000002880A87D080), frame # 40009
[2020.10.30-16.25.21:599][  9]LogPlayLevel: PIE: World Init took: (0.001032s)
[2020.10.30-16.25.21:599][  9]LogPlayLevel: PIE: Created PIE world by copying editor world from /Game/2DSideScrollerBP/Maps/NewWorld.NewWorld to /Game/2DSideScrollerBP/Maps/UEDPIE_0_NewWorld.NewWorld (0.026663s)
[2020.10.30-16.25.21:619][  9]LogUObjectHash: Compacting FUObjectHashTables data took   1.96ms
[2020.10.30-16.25.21:621][  9]LogAudioMixer: Display: Audio Mixer Platform Settings:
[2020.10.30-16.25.21:621][  9]LogAudioMixer: Display: 	Sample Rate:						  48000
[2020.10.30-16.25.21:621][  9]LogAudioMixer: Display: 	Callback Buffer Frame Size Requested: 1024
[2020.10.30-16.25.21:621][  9]LogAudioMixer: Display: 	Callback Buffer Frame Size To Use:	  1024
[2020.10.30-16.25.21:621][  9]LogAudioMixer: Display: 	Number of buffers to queue:			  2
[2020.10.30-16.25.21:621][  9]LogAudioMixer: Display: 	Max Channels (voices):				  32
[2020.10.30-16.25.21:621][  9]LogAudioMixer: Display: 	Number of Async Source Workers:		  0
[2020.10.30-16.25.21:621][  9]LogAudio: Display: AudioDevice MaxSources: 32
[2020.10.30-16.25.21:621][  9]LogAudio: Display: Using built-in audio occlusion.
[2020.10.30-16.25.21:621][  9]LogAudioMixer: Display: Initializing audio mixer.
[2020.10.30-16.25.21:632][  9]LogAudioMixer: Display: 0: FrontLeft
[2020.10.30-16.25.21:632][  9]LogAudioMixer: Display: 1: FrontRight
[2020.10.30-16.25.21:662][  9]LogAudioMixer: Display: Using Audio Device Динамики (Samson Meteor Mic)
[2020.10.30-16.25.21:662][  9]LogAudioMixer: Display: Initializing Sound Submixes...
[2020.10.30-16.25.21:662][  9]LogAudioMixer: Display: Creating Master Submix 'MasterSubmixDefault'
[2020.10.30-16.25.21:662][  9]LogAudioMixer: Display: Creating Master Submix 'MasterReverbSubmixDefault'
[2020.10.30-16.25.21:662][  9]LogAudioMixer: Display: Creating Master Submix 'MasterEQSubmixDefault'
[2020.10.30-16.25.21:674][  9]LogInit: FAudioDevice initialized.
[2020.10.30-16.25.21:699][  9]LogSlate: Updating window title bar state: overlay mode, drag disabled, window buttons hidden, title bar hidden
[2020.10.30-16.25.21:699][  9]LogLoad: Game class is '2DSideScrollerGameMode_C'
[2020.10.30-16.25.21:709][  9]LogWorld: Bringing World /Game/2DSideScrollerBP/Maps/UEDPIE_0_NewWorld.NewWorld up for play (max tick rate 0) at 2020.10.30-19.25.21
[2020.10.30-16.25.21:710][  9]LogWorld: Bringing up level for play took: 0.009705
[2020.10.30-16.25.21:710][  9]LogOnline: OSS: Creating online subsystem instance for: :Context_8
[2020.10.30-16.25.21:713][  9]LogContentBrowser: Native class hierarchy updated for 'MovieSceneCapture' in 0.0003 seconds. Added 20 classes and 0 folders.
[2020.10.30-16.25.21:719][  9]PIE: Server logged in
[2020.10.30-16.25.21:720][  9]PIE: Play in editor total start time 0,15 seconds.
[2020.10.30-16.25.21:721][  9]LogScript: Warning: Script Msg: Divide by zero detected: 0.000000 / 0
Script call stack:
	Function /Game/2DSideScrollerBP/Camera/BP_C.BP_C_C:ReceiveTick
	Function /Game/2DSideScrollerBP/Camera/BP_C.BP_C_C:ExecuteUbergraph_BP_C
	Function /Game/2DSideScrollerBP/Camera/BP_C.BP_C_C:HandleCameraMovement

[2020.10.30-16.25.22:049][ 11]LogRenderer: Reallocating scene render targets to support 1280x720 Format 10 NumSamples 1 (Frame:1).
[2020.10.30-16.25.50:875][464]LogSlate: Updating window title bar state: overlay mode, drag disabled, window buttons hidden, title bar hidden
[2020.10.30-16.25.50:875][464]LogWorld: BeginTearingDown for /Game/2DSideScrollerBP/Maps/UEDPIE_0_NewWorld
[2020.10.30-16.25.50:876][464]LogSlate: Window 'gamedev_project Preview [NetMode: Standalone] (64-bit/Windows) ' being destroyed
[2020.10.30-16.25.50:882][464]LogWorld: UWorld::CleanupWorld for NewWorld, bSessionEnded=true, bCleanupResources=true
[2020.10.30-16.25.50:884][464]LogSlate: InvalidateAllWidgets triggered.  All widgets were invalidated
[2020.10.30-16.25.50:889][464]LogPlayLevel: Display: Shutting down PIE online subsystems
[2020.10.30-16.25.50:894][464]LogSlate: InvalidateAllWidgets triggered.  All widgets were invalidated
[2020.10.30-16.25.50:963][464]LogAISub: UAISubsystem::~UAISubsystem AIPerceptionSystem (000002880A87D080), frame # 43464
[2020.10.30-16.25.50:963][464]LogAISub: UAISubsystem::~UAISubsystem EnvQueryManager (00000287988D0800), frame # 43464
[2020.10.30-16.25.50:969][464]LogUObjectHash: Compacting FUObjectHashTables data took   3.11ms
[2020.10.30-16.25.50:993][465]LogPlayLevel: Display: Destroying online subsystem :Context_8
[2020.10.30-16.27.26:353][268]LogWindowsTextInputMethodSystem: Display: IME system now deactivated.
[2020.10.30-16.27.26:354][268]LogWindowsTextInputMethodSystem: Display: IME system now deactivated.
[2020.10.30-16.28.07:091][610]BlueprintLog: New page: Compile Mirror
[2020.10.30-16.28.07:222][610]LogUObjectHash: Compacting FUObjectHashTables data took   2.84ms
[2020.10.30-16.28.10:683][  1]Cmd: OBJ SAVEPACKAGE PACKAGE="/Game/Light_Roma/Mirror" FILE="../../../../../Games/GitHub/gamedev_project/Content/Light_Roma/Mirror.uasset" SILENT=true
[2020.10.30-16.28.10:755][  1]LogSavePackage: Moving '../../../../../Games/GitHub/gamedev_project/Saved/MirrorB9E918EB4AD40158577B36AA335905A6.tmp' to '../../../../../Games/GitHub/gamedev_project/Content/Light_Roma/Mirror.uasset'
[2020.10.30-16.28.10:766][  1]AssetCheck: New page: Asset Save: Mirror
[2020.10.30-16.28.10:766][  1]LogContentValidation: Display: Validating Blueprint /Game/Light_Roma/Mirror.Mirror
[2020.10.30-16.28.27:172][917]LogEditorViewport: Clicking on Actor (LMB): Mirror_C (Mirror26)
[2020.10.30-16.28.44:713][992]Cmd: TRANSACTION UNDO
[2020.10.30-16.28.44:713][992]LogEditorTransaction: Undo Reset Scale
[2020.10.30-16.31.31:726][642]BlueprintLog: New page: Compile Mirror
[2020.10.30-16.31.31:897][642]LogUObjectHash: Compacting FUObjectHashTables data took   3.03ms
[2020.10.30-16.32.06:442][749]Cmd: OBJ SAVEPACKAGE PACKAGE="/Game/Light_Roma/Mirror" FILE="../../../../../Games/GitHub/gamedev_project/Content/Light_Roma/Mirror.uasset" SILENT=true
[2020.10.30-16.32.06:541][749]LogSavePackage: Moving '../../../../../Games/GitHub/gamedev_project/Saved/Mirror9D24141F4BBD2D61B231EEB9A25B5CA6.tmp' to '../../../../../Games/GitHub/gamedev_project/Content/Light_Roma/Mirror.uasset'
[2020.10.30-16.32.06:552][749]AssetCheck: New page: Asset Save: Mirror
[2020.10.30-16.32.06:552][749]LogContentValidation: Display: Validating Blueprint /Game/Light_Roma/Mirror.Mirror
[2020.10.30-16.32.18:718][116]BlueprintLog: New page: Compile Mirror
[2020.10.30-16.32.18:860][116]LogUObjectHash: Compacting FUObjectHashTables data took   2.84ms
[2020.10.30-16.32.19:519][177]Cmd: OBJ SAVEPACKAGE PACKAGE="/Game/Light_Roma/Mirror" FILE="../../../../../Games/GitHub/gamedev_project/Content/Light_Roma/Mirror.uasset" SILENT=true
[2020.10.30-16.32.19:633][177]LogSavePackage: Moving '../../../../../Games/GitHub/gamedev_project/Saved/Mirror2D49C0A44D29FA55940FE484D0E44556.tmp' to '../../../../../Games/GitHub/gamedev_project/Content/Light_Roma/Mirror.uasset'
[2020.10.30-16.32.19:645][177]AssetCheck: New page: Asset Save: Mirror
[2020.10.30-16.32.19:645][177]LogContentValidation: Display: Validating Blueprint /Game/Light_Roma/Mirror.Mirror
[2020.10.30-16.32.23:906][668]LogTemp: Repeating last play command: New Editor Window (PIE)
[2020.10.30-16.32.23:919][668]LogPlayLevel: PlayLevel: No blueprints needed recompiling
[2020.10.30-16.32.23:920][668]PIE: New page: PIE session: NewWorld (30 окт. 2020 г., 22:32:23)
[2020.10.30-16.32.23:920][668]LogPlayLevel: Creating play world package: /Game/2DSideScrollerBP/Maps/UEDPIE_0_NewWorld
[2020.10.30-16.32.23:945][668]LogPlayLevel: PIE: StaticDuplicateObject took: (0.025443s)
[2020.10.30-16.32.23:946][668]LogAIModule: Creating AISystem for world NewWorld
[2020.10.30-16.32.23:946][668]LogAISub: UAISubsystem::UAISubsystem EnvQueryManager (0000028815A00A00), frame # 79668
[2020.10.30-16.32.23:946][668]LogAISub: UAISubsystem::UAISubsystem AIPerceptionSystem (000002880AFCAFC0), frame # 79668
[2020.10.30-16.32.23:946][668]LogPlayLevel: PIE: World Init took: (0.001029s)
[2020.10.30-16.32.23:946][668]LogPlayLevel: PIE: Created PIE world by copying editor world from /Game/2DSideScrollerBP/Maps/NewWorld.NewWorld to /Game/2DSideScrollerBP/Maps/UEDPIE_0_NewWorld.NewWorld (0.026595s)
[2020.10.30-16.32.23:970][668]LogUObjectHash: Compacting FUObjectHashTables data took   2.68ms
[2020.10.30-16.32.23:972][668]LogAudioMixer: Display: Audio Mixer Platform Settings:
[2020.10.30-16.32.23:972][668]LogAudioMixer: Display: 	Sample Rate:						  48000
[2020.10.30-16.32.23:972][668]LogAudioMixer: Display: 	Callback Buffer Frame Size Requested: 1024
[2020.10.30-16.32.23:972][668]LogAudioMixer: Display: 	Callback Buffer Frame Size To Use:	  1024
[2020.10.30-16.32.23:972][668]LogAudioMixer: Display: 	Number of buffers to queue:			  2
[2020.10.30-16.32.23:972][668]LogAudioMixer: Display: 	Max Channels (voices):				  32
[2020.10.30-16.32.23:972][668]LogAudioMixer: Display: 	Number of Async Source Workers:		  0
[2020.10.30-16.32.23:972][668]LogAudio: Display: AudioDevice MaxSources: 32
[2020.10.30-16.32.23:973][668]LogAudio: Display: Using built-in audio occlusion.
[2020.10.30-16.32.23:973][668]LogAudioMixer: Display: Initializing audio mixer.
[2020.10.30-16.32.23:984][668]LogAudioMixer: Display: 0: FrontLeft
[2020.10.30-16.32.23:984][668]LogAudioMixer: Display: 1: FrontRight
[2020.10.30-16.32.24:013][668]LogAudioMixer: Display: Using Audio Device Динамики (Samson Meteor Mic)
[2020.10.30-16.32.24:013][668]LogAudioMixer: Display: Initializing Sound Submixes...
[2020.10.30-16.32.24:014][668]LogAudioMixer: Display: Creating Master Submix 'MasterSubmixDefault'
[2020.10.30-16.32.24:014][668]LogAudioMixer: Display: Creating Master Submix 'MasterReverbSubmixDefault'
[2020.10.30-16.32.24:014][668]LogAudioMixer: Display: Creating Master Submix 'MasterEQSubmixDefault'
[2020.10.30-16.32.24:027][668]LogInit: FAudioDevice initialized.
[2020.10.30-16.32.24:066][668]LogSlate: Updating window title bar state: overlay mode, drag disabled, window buttons hidden, title bar hidden
[2020.10.30-16.32.24:067][668]LogLoad: Game class is '2DSideScrollerGameMode_C'
[2020.10.30-16.32.24:078][668]LogWorld: Bringing World /Game/2DSideScrollerBP/Maps/UEDPIE_0_NewWorld.NewWorld up for play (max tick rate 0) at 2020.10.30-19.32.24
[2020.10.30-16.32.24:078][668]LogWorld: Bringing up level for play took: 0.010504
[2020.10.30-16.32.24:078][668]LogOnline: OSS: Creating online subsystem instance for: :Context_9
[2020.10.30-16.32.24:086][668]PIE: Server logged in
[2020.10.30-16.32.24:088][668]PIE: Play in editor total start time 0,171 seconds.
[2020.10.30-16.32.24:089][668]LogScript: Warning: Script Msg: Divide by zero detected: 0.000000 / 0
Script call stack:
	Function /Game/2DSideScrollerBP/Camera/BP_C.BP_C_C:ReceiveTick
	Function /Game/2DSideScrollerBP/Camera/BP_C.BP_C_C:ExecuteUbergraph_BP_C
	Function /Game/2DSideScrollerBP/Camera/BP_C.BP_C_C:HandleCameraMovement

[2020.10.30-16.32.35:705][ 42]LogBlueprintUserMessages: [Check1] saved and checked now
[2020.10.30-16.32.52:406][ 37]LogSlate: Updating window title bar state: overlay mode, drag disabled, window buttons hidden, title bar hidden
[2020.10.30-16.32.52:406][ 37]LogWorld: BeginTearingDown for /Game/2DSideScrollerBP/Maps/UEDPIE_0_NewWorld
[2020.10.30-16.32.52:406][ 37]LogSlate: Window 'gamedev_project Preview [NetMode: Standalone] (64-bit/Windows) ' being destroyed
[2020.10.30-16.32.52:411][ 37]LogWorld: UWorld::CleanupWorld for NewWorld, bSessionEnded=true, bCleanupResources=true
[2020.10.30-16.32.52:413][ 37]LogSlate: InvalidateAllWidgets triggered.  All widgets were invalidated
[2020.10.30-16.32.52:424][ 37]LogPlayLevel: Display: Shutting down PIE online subsystems
[2020.10.30-16.32.52:429][ 37]LogSlate: InvalidateAllWidgets triggered.  All widgets were invalidated
[2020.10.30-16.32.52:478][ 37]LogAISub: UAISubsystem::~UAISubsystem AIPerceptionSystem (000002880AFCAFC0), frame # 83037
[2020.10.30-16.32.52:478][ 37]LogAISub: UAISubsystem::~UAISubsystem EnvQueryManager (0000028815A00A00), frame # 83037
[2020.10.30-16.32.52:481][ 37]LogUObjectHash: Compacting FUObjectHashTables data took   2.12ms
[2020.10.30-16.32.52:507][ 38]LogPlayLevel: Display: Destroying online subsystem :Context_9
